# JRE version: Java(TM) SE Runtime Environment (8.0_172-b11) (build 1.8.0_172-b11)
# Java VM: Java HotSpot(TM) 64-Bit Server VM (25.172-b11 mixed mode windows-amd64 compressed oops)
Heap:
 PSYoungGen      total 315904K, used 36866K [0x0000000780980000, 0x000000079bb00000, 0x00000007c0000000)
  eden space 295936K, 7% used [0x0000000780980000,0x0000000781dbbbd8,0x0000000792a80000)
  from space 19968K, 80% used [0x0000000792a80000,0x0000000793a44e90,0x0000000793e00000)
  to   space 21504K, 0% used [0x000000079a600000,0x000000079a600000,0x000000079bb00000)
 ParOldGen       total 105472K, used 23543K [0x0000000701c00000, 0x0000000708300000, 0x0000000780980000)
  object space 105472K, 22% used [0x0000000701c00000,0x00000007032fdd88,0x0000000708300000)
 Metaspace       used 43702K, capacity 45544K, committed 45696K, reserved 1089536K
  class space    used 5864K, capacity 6191K, committed 6272K, reserved 1048576K
GC Heap History (10 events):
Event: 6.016 GC heap before
{Heap before GC invocations=7 (full 1):
 PSYoungGen      total 106496K, used 106475K [0x0000000780980000, 0x000000078cb80000, 0x00000007c0000000)
  eden space 98304K, 100% used [0x0000000780980000,0x0000000786980000,0x0000000786980000)
  from space 8192K, 99% used [0x0000000786980000,0x000000078717aff0,0x0000000787180000)
  to   space 11264K, 0% used [0x000000078c080000,0x000000078c080000,0x000000078cb80000)
 ParOldGen       total 64512K, used 6847K [0x0000000701c00000, 0x0000000705b00000, 0x0000000780980000)
  object space 64512K, 10% used [0x0000000701c00000,0x00000007022afc68,0x0000000705b00000)
 Metaspace       used 28074K, capacity 29090K, committed 29184K, reserved 1075200K
  class space    used 3781K, capacity 4029K, committed 4096K, reserved 1048576K
Event: 6.028 GC heap after
Heap after GC invocations=7 (full 1):
 PSYoungGen      total 184320K, used 11249K [0x0000000780980000, 0x000000078cc80000, 0x00000007c0000000)
  eden space 173056K, 0% used [0x0000000780980000,0x0000000780980000,0x000000078b280000)
  from space 11264K, 99% used [0x000000078c080000,0x000000078cb7c428,0x000000078cb80000)
  to   space 13312K, 0% used [0x000000078b280000,0x000000078b280000,0x000000078bf80000)
 ParOldGen       total 64512K, used 7779K [0x0000000701c00000, 0x0000000705b00000, 0x0000000780980000)
  object space 64512K, 12% used [0x0000000701c00000,0x0000000702398d58,0x0000000705b00000)
 Metaspace       used 28074K, capacity 29090K, committed 29184K, reserved 1075200K
  class space    used 3781K, capacity 4029K, committed 4096K, reserved 1048576K
}
Event: 7.449 GC heap before
{Heap before GC invocations=8 (full 1):
 PSYoungGen      total 184320K, used 184305K [0x0000000780980000, 0x000000078cc80000, 0x00000007c0000000)
  eden space 173056K, 100% used [0x0000000780980000,0x000000078b280000,0x000000078b280000)
  from space 11264K, 99% used [0x000000078c080000,0x000000078cb7c428,0x000000078cb80000)
  to   space 13312K, 0% used [0x000000078b280000,0x000000078b280000,0x000000078bf80000)
 ParOldGen       total 64512K, used 7779K [0x0000000701c00000, 0x0000000705b00000, 0x0000000780980000)
  object space 64512K, 12% used [0x0000000701c00000,0x0000000702398d58,0x0000000705b00000)
 Metaspace       used 32304K, capacity 33676K, committed 33792K, reserved 1079296K
  class space    used 4315K, capacity 4608K, committed 4608K, reserved 1048576K
Event: 7.469 GC heap after
Heap after GC invocations=8 (full 1):
 PSYoungGen      total 186368K, used 13304K [0x0000000780980000, 0x0000000795000000, 0x00000007c0000000)
  eden space 173056K, 0% used [0x0000000780980000,0x0000000780980000,0x000000078b280000)
  from space 13312K, 99% used [0x000000078b280000,0x000000078bf7e2f0,0x000000078bf80000)
  to   space 17920K, 0% used [0x0000000793e80000,0x0000000793e80000,0x0000000795000000)
 ParOldGen       total 64512K, used 12680K [0x0000000701c00000, 0x0000000705b00000, 0x0000000780980000)
  object space 64512K, 19% used [0x0000000701c00000,0x0000000702862088,0x0000000705b00000)
 Metaspace       used 32304K, capacity 33676K, committed 33792K, reserved 1079296K
  class space    used 4315K, capacity 4608K, committed 4608K, reserved 1048576K
}
Event: 8.375 GC heap before
{Heap before GC invocations=9 (full 1):
 PSYoungGen      total 186368K, used 111924K [0x0000000780980000, 0x0000000795000000, 0x00000007c0000000)
  eden space 173056K, 56% used [0x0000000780980000,0x00000007869ceeb8,0x000000078b280000)
  from space 13312K, 99% used [0x000000078b280000,0x000000078bf7e2f0,0x000000078bf80000)
  to   space 17920K, 0% used [0x0000000793e80000,0x0000000793e80000,0x0000000795000000)
 ParOldGen       total 64512K, used 12680K [0x0000000701c00000, 0x0000000705b00000, 0x0000000780980000)
  object space 64512K, 19% used [0x0000000701c00000,0x0000000702862088,0x0000000705b00000)
 Metaspace       used 33868K, capacity 35458K, committed 35496K, reserved 1079296K
  class space    used 4539K, capacity 4828K, committed 4864K, reserved 1048576K
Event: 8.396 GC heap after
Heap after GC invocations=9 (full 1):
 PSYoungGen      total 313856K, used 17045K [0x0000000780980000, 0x0000000795180000, 0x00000007c0000000)
  eden space 295936K, 0% used [0x0000000780980000,0x0000000780980000,0x0000000792a80000)
  from space 17920K, 95% used [0x0000000793e80000,0x0000000794f25668,0x0000000795000000)
  to   space 19968K, 0% used [0x0000000792a80000,0x0000000792a80000,0x0000000793e00000)
 ParOldGen       total 64512K, used 12688K [0x0000000701c00000, 0x0000000705b00000, 0x0000000780980000)
  object space 64512K, 19% used [0x0000000701c00000,0x0000000702864088,0x0000000705b00000)
 Metaspace       used 33868K, capacity 35458K, committed 35496K, reserved 1079296K
  class space    used 4539K, capacity 4828K, committed 4864K, reserved 1048576K
}
Event: 8.396 GC heap before
{Heap before GC invocations=10 (full 2):
 PSYoungGen      total 313856K, used 17045K [0x0000000780980000, 0x0000000795180000, 0x00000007c0000000)
  eden space 295936K, 0% used [0x0000000780980000,0x0000000780980000,0x0000000792a80000)
  from space 17920K, 95% used [0x0000000793e80000,0x0000000794f25668,0x0000000795000000)
  to   space 19968K, 0% used [0x0000000792a80000,0x0000000792a80000,0x0000000793e00000)
 ParOldGen       total 64512K, used 12688K [0x0000000701c00000, 0x0000000705b00000, 0x0000000780980000)
  object space 64512K, 19% used [0x0000000701c00000,0x0000000702864088,0x0000000705b00000)
 Metaspace       used 33868K, capacity 35458K, committed 35496K, reserved 1079296K
  class space    used 4539K, capacity 4828K, committed 4864K, reserved 1048576K
Event: 8.479 GC heap after
Heap after GC invocations=10 (full 2):
 PSYoungGen      total 313856K, used 0K [0x0000000780980000, 0x0000000795180000, 0x00000007c0000000)
  eden space 295936K, 0% used [0x0000000780980000,0x0000000780980000,0x0000000792a80000)
  from space 17920K, 0% used [0x0000000793e80000,0x0000000793e80000,0x0000000795000000)
  to   space 19968K, 0% used [0x0000000792a80000,0x0000000792a80000,0x0000000793e00000)
 ParOldGen       total 105472K, used 23527K [0x0000000701c00000, 0x0000000708300000, 0x0000000780980000)
  object space 105472K, 22% used [0x0000000701c00000,0x00000007032f9d88,0x0000000708300000)
 Metaspace       used 33868K, capacity 35458K, committed 35496K, reserved 1079296K
  class space    used 4539K, capacity 4828K, committed 4864K, reserved 1048576K
}
Event: 16274.058 GC heap before
{Heap before GC invocations=11 (full 2):
 PSYoungGen      total 313856K, used 295936K [0x0000000780980000, 0x0000000795180000, 0x00000007c0000000)
  eden space 295936K, 100% used [0x0000000780980000,0x0000000792a80000,0x0000000792a80000)
  from space 17920K, 0% used [0x0000000793e80000,0x0000000793e80000,0x0000000795000000)
  to   space 19968K, 0% used [0x0000000792a80000,0x0000000792a80000,0x0000000793e00000)
 ParOldGen       total 105472K, used 23527K [0x0000000701c00000, 0x0000000708300000, 0x0000000780980000)
  object space 105472K, 22% used [0x0000000701c00000,0x00000007032f9d88,0x0000000708300000)
 Metaspace       used 43701K, capacity 45544K, committed 45696K, reserved 1089536K
  class space    used 5864K, capacity 6191K, committed 6272K, reserved 1048576K
Event: 16274.082 GC heap after
Heap after GC invocations=11 (full 2):
 PSYoungGen      total 315904K, used 16147K [0x0000000780980000, 0x000000079bb00000, 0x00000007c0000000)
  eden space 295936K, 0% used [0x0000000780980000,0x0000000780980000,0x0000000792a80000)
  from space 19968K, 80% used [0x0000000792a80000,0x0000000793a44e90,0x0000000793e00000)
  to   space 21504K, 0% used [0x000000079a600000,0x000000079a600000,0x000000079bb00000)
 ParOldGen       total 105472K, used 23543K [0x0000000701c00000, 0x0000000708300000, 0x0000000780980000)
  object space 105472K, 22% used [0x0000000701c00000,0x00000007032fdd88,0x0000000708300000)
 Metaspace       used 43701K, capacity 45544K, committed 45696K, reserved 1089536K
  class space    used 5864K, capacity 6191K, committed 6272K, reserved 1048576K
}

